
> bronvault-oss-project@1.1.0 dev
> next dev

  ▲ Next.js 14.2.16
  - Local:        http://localhost:3000

 ✓ Starting...
 ✓ Ready in 2.2s
 ○ Compiling /middleware ...
 ✓ Compiled /middleware in 950ms (73 modules)
 ○ Compiling /login ...
 ✓ Compiled /login in 12.3s (866 modules)
 GET /login?redirect=%2F 200 in 13540ms
 ✓ Compiled in 1189ms (432 modules)
 ✓ Compiled in 663ms (432 modules)
 ✓ Compiled in 572ms (432 modules)
 ✓ Compiled in 559ms (432 modules)
 ✓ Compiled in 423ms (432 modules)
 ✓ Compiled in 422ms (432 modules)
 ✓ Compiled in 427ms (432 modules)
 ✓ Compiled in 397ms (432 modules)
 ✓ Compiled in 373ms (432 modules)
 ✓ Compiled in 375ms (432 modules)
 ✓ Compiled in 433ms (432 modules)
 ✓ Compiled in 368ms (432 modules)
 ✓ Compiled in 398ms (432 modules)
 ✓ Compiled in 492ms (432 modules)
 ✓ Compiled in 420ms (432 modules)
 ✓ Compiled in 381ms (432 modules)
 ✓ Compiled in 455ms (432 modules)
 ✓ Compiled in 486ms (432 modules)
 ✓ Compiled in 437ms (432 modules)
 ✓ Compiled in 439ms (432 modules)
 ✓ Compiled in 429ms (432 modules)
 ✓ Compiled in 410ms (432 modules)
 ✓ Compiled in 495ms (432 modules)
 ✓ Compiled in 494ms (432 modules)
 ✓ Compiled in 375ms (432 modules)
 ✓ Compiled in 390ms (432 modules)
 ✓ Compiled in 383ms (432 modules)
 ✓ Compiled in 373ms (432 modules)
 ✓ Compiled in 668ms (432 modules)
 ✓ Compiled in 718ms (432 modules)
 ✓ Compiled in 690ms (432 modules)
 ✓ Compiled in 747ms (432 modules)
 ✓ Compiled in 1030ms (432 modules)
 ✓ Compiled in 1289ms (432 modules)
 ✓ Compiled in 737ms (432 modules)
 ✓ Compiled in 668ms (432 modules)
 ✓ Compiled in 542ms (432 modules)
 ✓ Compiled in 331ms (432 modules)
 ✓ Compiled in 337ms (432 modules)
 ✓ Compiled in 326ms (432 modules)
 ✓ Compiled in 383ms (432 modules)
 ✓ Compiled in 352ms (432 modules)
 ✓ Compiled in 340ms (432 modules)
 ✓ Compiled in 341ms (432 modules)
 ✓ Compiled in 325ms (432 modules)
 ✓ Compiled in 330ms (432 modules)
 ✓ Compiled in 492ms (432 modules)
 ✓ Compiled in 333ms (432 modules)
 ✓ Compiled in 327ms (432 modules)
 ✓ Compiled in 324ms (432 modules)
 ✓ Compiled in 308ms (432 modules)
 ✓ Compiled in 396ms (432 modules)
 ✓ Compiled in 300ms (432 modules)
 ✓ Compiled in 308ms (432 modules)
 ✓ Compiled in 349ms (432 modules)
 ✓ Compiled in 325ms (432 modules)
 ✓ Compiled in 293ms (432 modules)
 ✓ Compiled in 329ms (432 modules)
 ✓ Compiled in 284ms (432 modules)
 ✓ Compiled in 304ms (432 modules)
 ✓ Compiled in 285ms (432 modules)
 ✓ Compiled in 496ms (432 modules)
 ✓ Compiled in 339ms (432 modules)
 ✓ Compiled in 319ms (432 modules)
 ✓ Compiled in 309ms (432 modules)
 ✓ Compiled in 323ms (432 modules)
 ✓ Compiled in 447ms (432 modules)
 ✓ Compiled in 317ms (432 modules)
 ✓ Compiled in 341ms (432 modules)
 ✓ Compiled in 347ms (432 modules)
 ✓ Compiled in 304ms (432 modules)
 ✓ Compiled in 308ms (432 modules)
 ✓ Compiled in 303ms (432 modules)
 ✓ Compiled in 309ms (432 modules)
 ✓ Compiled in 312ms (432 modules)
 ✓ Compiled in 337ms (432 modules)
 ✓ Compiled in 332ms (432 modules)
 GET /login?redirect=%2F 200 in 608ms
 ✓ Compiled in 367ms (432 modules)
 ✓ Compiled in 318ms (432 modules)
 ✓ Compiled in 304ms (432 modules)
 ✓ Compiled in 316ms (432 modules)
 ✓ Compiled in 300ms (432 modules)
 ✓ Compiled in 443ms (432 modules)
 ✓ Compiled in 322ms (432 modules)
 ✓ Compiled in 298ms (432 modules)
 ✓ Compiled in 295ms (432 modules)
 ✓ Compiled in 297ms (432 modules)
 ✓ Compiled in 286ms (432 modules)
 ✓ Compiled in 275ms (432 modules)
 ✓ Compiled in 275ms (432 modules)
 ✓ Compiled in 281ms (432 modules)
 ✓ Compiled in 270ms (432 modules)
 ✓ Compiled in 293ms (432 modules)
 ✓ Compiled in 289ms (432 modules)
 ✓ Compiled in 281ms (432 modules)
 ✓ Compiled in 282ms (432 modules)
 ✓ Compiled in 289ms (432 modules)
 ✓ Compiled in 288ms (432 modules)
 ✓ Compiled in 308ms (432 modules)
 ✓ Compiled in 296ms (432 modules)
 ✓ Compiled in 289ms (432 modules)
 ✓ Compiled in 284ms (432 modules)
 ✓ Compiled in 393ms (432 modules)
 ✓ Compiled in 300ms (432 modules)
 ✓ Compiled in 294ms (432 modules)
 ✓ Compiled in 304ms (432 modules)
 ✓ Compiled in 287ms (432 modules)
 ✓ Compiled in 287ms (432 modules)
 ✓ Compiled in 286ms (432 modules)
 ✓ Compiled in 305ms (432 modules)
 ✓ Compiled in 276ms (432 modules)
 ✓ Compiled in 277ms (432 modules)
 ✓ Compiled in 294ms (432 modules)
 ✓ Compiled in 280ms (432 modules)
 ✓ Compiled in 273ms (432 modules)
 ✓ Compiled in 282ms (432 modules)
 ✓ Compiled in 283ms (432 modules)
 ✓ Compiled in 279ms (432 modules)
 ✓ Compiled in 313ms (432 modules)
 ✓ Compiled in 286ms (432 modules)
 ✓ Compiled in 292ms (432 modules)
 ✓ Compiled in 292ms (432 modules)
 ✓ Compiled in 408ms (432 modules)
 ✓ Compiled in 315ms (432 modules)
 ✓ Compiled in 294ms (432 modules)
 ✓ Compiled in 294ms (432 modules)
 ✓ Compiled in 291ms (432 modules)
 ✓ Compiled in 283ms (432 modules)
 ✓ Compiled in 285ms (432 modules)
 ✓ Compiled in 283ms (432 modules)
 ✓ Compiled in 283ms (432 modules)
 ✓ Compiled in 297ms (432 modules)
 ✓ Compiled in 289ms (432 modules)
 ✓ Compiled in 279ms (432 modules)
 ✓ Compiled in 282ms (432 modules)
 ✓ Compiled in 286ms (432 modules)
 ✓ Compiled in 283ms (432 modules)
 ✓ Compiled in 288ms (432 modules)
 ✓ Compiled in 289ms (432 modules)
 ✓ Compiled in 291ms (432 modules)
 ✓ Compiled in 272ms (432 modules)
 ✓ Compiled in 286ms (432 modules)
 ✓ Compiled in 379ms (432 modules)
 ✓ Compiled in 324ms (432 modules)
 ✓ Compiled in 304ms (432 modules)
 ✓ Compiled in 289ms (432 modules)
 ✓ Compiled in 296ms (432 modules)
 ✓ Compiled in 291ms (432 modules)
 ✓ Compiled in 305ms (432 modules)
 ✓ Compiled in 278ms (432 modules)
 ✓ Compiled in 303ms (432 modules)
 ✓ Compiled in 310ms (432 modules)
 ✓ Compiled in 277ms (432 modules)
 ✓ Compiled in 284ms (432 modules)
 ✓ Compiled in 295ms (432 modules)
 ✓ Compiled in 304ms (432 modules)
 ✓ Compiled in 279ms (432 modules)
 ✓ Compiled in 276ms (432 modules)
 ✓ Compiled in 284ms (432 modules)
 ✓ Compiled in 278ms (432 modules)
 ✓ Compiled in 283ms (432 modules)
 ✓ Compiled in 305ms (432 modules)
 ✓ Compiled in 375ms (432 modules)
 ✓ Compiled in 305ms (432 modules)
 ✓ Compiled in 295ms (432 modules)
 ✓ Compiled in 285ms (432 modules)
 ✓ Compiled in 286ms (432 modules)
 ✓ Compiled in 293ms (432 modules)
 ✓ Compiled in 275ms (432 modules)
 ✓ Compiled in 286ms (432 modules)
 ✓ Compiled in 272ms (432 modules)
 ✓ Compiled in 270ms (432 modules)
 ✓ Compiled in 281ms (432 modules)
 ✓ Compiled in 272ms (432 modules)
 ✓ Compiled in 274ms (432 modules)
 ✓ Compiled in 279ms (432 modules)
 ✓ Compiled in 274ms (432 modules)
 ✓ Compiled in 274ms (432 modules)
 ✓ Compiled in 278ms (432 modules)
 ✓ Compiled in 285ms (432 modules)
 ✓ Compiled in 294ms (432 modules)
 ✓ Compiled in 302ms (432 modules)
 ✓ Compiled in 353ms (432 modules)
 ✓ Compiled in 305ms (432 modules)
 ✓ Compiled in 297ms (432 modules)
 ✓ Compiled in 293ms (432 modules)
 ✓ Compiled in 311ms (432 modules)
 ✓ Compiled in 287ms (432 modules)
 ✓ Compiled in 282ms (432 modules)
 ✓ Compiled in 282ms (432 modules)
 ✓ Compiled in 297ms (432 modules)
 ✓ Compiled in 275ms (432 modules)
 ✓ Compiled in 276ms (432 modules)
 ✓ Compiled in 275ms (432 modules)
 ✓ Compiled in 291ms (432 modules)
 ✓ Compiled in 271ms (432 modules)
 ✓ Compiled in 273ms (432 modules)
 ✓ Compiled in 273ms (432 modules)
 ✓ Compiled in 272ms (432 modules)
 ✓ Compiled in 281ms (432 modules)
 ✓ Compiled in 299ms (432 modules)
 ✓ Compiled in 309ms (432 modules)
 ✓ Compiled in 355ms (432 modules)
 ✓ Compiled in 302ms (432 modules)
 ✓ Compiled in 299ms (432 modules)
 ✓ Compiled in 274ms (432 modules)
 ✓ Compiled in 291ms (432 modules)
 ✓ Compiled in 292ms (432 modules)
 ✓ Compiled in 284ms (432 modules)
 ✓ Compiled in 295ms (432 modules)
 ✓ Compiled in 287ms (432 modules)
 ✓ Compiled in 280ms (432 modules)
 ✓ Compiled in 280ms (432 modules)
 ✓ Compiled in 272ms (432 modules)
 ✓ Compiled in 288ms (432 modules)
 ✓ Compiled in 277ms (432 modules)
 ✓ Compiled in 274ms (432 modules)
 ✓ Compiled in 280ms (432 modules)
 ✓ Compiled in 279ms (432 modules)
 ✓ Compiled in 274ms (432 modules)
 ✓ Compiled in 282ms (432 modules)
 ✓ Compiled in 324ms (432 modules)
 ✓ Compiled in 382ms (432 modules)
 ✓ Compiled in 302ms (432 modules)
 ✓ Compiled in 297ms (432 modules)
 ✓ Compiled in 282ms (432 modules)
 ✓ Compiled in 280ms (432 modules)
 ✓ Compiled in 279ms (432 modules)
 ✓ Compiled in 294ms (432 modules)
 ✓ Compiled in 281ms (432 modules)
 ✓ Compiled in 287ms (432 modules)
 ✓ Compiled in 278ms (432 modules)
 ✓ Compiled in 275ms (432 modules)
 ✓ Compiled in 267ms (432 modules)
 ✓ Compiled in 274ms (432 modules)
 ✓ Compiled in 270ms (432 modules)
 ✓ Compiled in 280ms (432 modules)
 ✓ Compiled in 272ms (432 modules)
 ✓ Compiled in 271ms (432 modules)
 ✓ Compiled in 272ms (432 modules)
 ✓ Compiled in 283ms (432 modules)
 ✓ Compiled in 288ms (432 modules)
 ✓ Compiled in 330ms (432 modules)
 ✓ Compiled in 289ms (432 modules)
 ✓ Compiled in 290ms (432 modules)
 ✓ Compiled in 288ms (432 modules)
 ✓ Compiled in 283ms (432 modules)
 ✓ Compiled in 272ms (432 modules)
 ✓ Compiled in 279ms (432 modules)
 ✓ Compiled in 277ms (432 modules)
 ✓ Compiled in 277ms (432 modules)
 ✓ Compiled in 270ms (432 modules)
 ✓ Compiled in 278ms (432 modules)
 ✓ Compiled in 281ms (432 modules)
 ✓ Compiled in 281ms (432 modules)
 ✓ Compiled in 286ms (432 modules)
 ✓ Compiled in 303ms (432 modules)
 ✓ Compiled in 291ms (432 modules)
 ✓ Compiled in 284ms (432 modules)
 ✓ Compiled in 291ms (432 modules)
 ✓ Compiled in 279ms (432 modules)
 ✓ Compiled in 296ms (432 modules)
 ✓ Compiled in 374ms (432 modules)
 ✓ Compiled in 288ms (432 modules)
 ✓ Compiled in 291ms (432 modules)
 ✓ Compiled in 283ms (432 modules)
 ✓ Compiled in 285ms (432 modules)
 ✓ Compiled in 284ms (432 modules)
 ✓ Compiled in 279ms (432 modules)
 ✓ Compiled in 280ms (432 modules)
 ✓ Compiled in 275ms (432 modules)
 ✓ Compiled in 284ms (432 modules)
 ✓ Compiled in 271ms (432 modules)
 ✓ Compiled in 281ms (432 modules)
 ✓ Compiled in 279ms (432 modules)
 ✓ Compiled in 275ms (432 modules)
 ✓ Compiled in 286ms (432 modules)
 ✓ Compiled in 277ms (432 modules)
 ✓ Compiled in 273ms (432 modules)
 ✓ Compiled in 284ms (432 modules)
 ✓ Compiled in 270ms (432 modules)
 ✓ Compiled in 287ms (432 modules)
 ✓ Compiled in 340ms (432 modules)
 ✓ Compiled in 297ms (432 modules)
 ✓ Compiled in 286ms (432 modules)
 ✓ Compiled in 278ms (432 modules)
 ✓ Compiled in 286ms (432 modules)
 ✓ Compiled in 279ms (432 modules)
 ✓ Compiled in 272ms (432 modules)
 ✓ Compiled in 274ms (432 modules)
 ✓ Compiled in 270ms (432 modules)
 ✓ Compiled in 274ms (432 modules)
 ✓ Compiled in 271ms (432 modules)
 ✓ Compiled in 268ms (432 modules)
 ✓ Compiled in 272ms (432 modules)
 ✓ Compiled in 299ms (432 modules)
 ✓ Compiled in 274ms (432 modules)
 ✓ Compiled in 286ms (432 modules)
 ✓ Compiled in 275ms (432 modules)
 ✓ Compiled in 269ms (432 modules)
 ✓ Compiled in 279ms (432 modules)
 ✓ Compiled in 298ms (432 modules)
 ✓ Compiled in 358ms (432 modules)
 ✓ Compiled in 296ms (432 modules)
 ✓ Compiled in 290ms (432 modules)
 ✓ Compiled in 281ms (432 modules)
 ✓ Compiled in 275ms (432 modules)
 ✓ Compiled in 273ms (432 modules)
 ✓ Compiled in 273ms (432 modules)
 ✓ Compiled in 278ms (432 modules)
 ✓ Compiled in 270ms (432 modules)
 ✓ Compiled in 276ms (432 modules)
 ✓ Compiled in 280ms (432 modules)
 ✓ Compiled in 279ms (432 modules)
 ✓ Compiled in 275ms (432 modules)
 ✓ Compiled in 278ms (432 modules)
 ✓ Compiled in 290ms (432 modules)
 ✓ Compiled in 275ms (432 modules)
 ✓ Compiled in 296ms (432 modules)
 ✓ Compiled in 275ms (432 modules)
 ✓ Compiled in 274ms (432 modules)
 ✓ Compiled in 300ms (432 modules)
 ✓ Compiled in 364ms (432 modules)
 ✓ Compiled in 308ms (432 modules)
 ✓ Compiled in 292ms (432 modules)
 ✓ Compiled in 292ms (432 modules)
 ✓ Compiled in 284ms (432 modules)
 ✓ Compiled in 271ms (432 modules)
 ✓ Compiled in 282ms (432 modules)
 ✓ Compiled in 274ms (432 modules)
 ✓ Compiled in 269ms (432 modules)
 ✓ Compiled in 270ms (432 modules)
 ✓ Compiled in 271ms (432 modules)
 ✓ Compiled in 276ms (432 modules)
 ✓ Compiled in 274ms (432 modules)
 ✓ Compiled in 287ms (432 modules)
 ✓ Compiled in 273ms (432 modules)
 ✓ Compiled in 288ms (432 modules)
 ✓ Compiled in 273ms (432 modules)
 ✓ Compiled in 278ms (432 modules)
 ✓ Compiled in 270ms (432 modules)
 ✓ Compiled in 295ms (432 modules)
 ✓ Compiled in 348ms (432 modules)
 ✓ Compiled in 298ms (432 modules)
 ✓ Compiled in 287ms (432 modules)
 ✓ Compiled in 279ms (432 modules)
 ✓ Compiled in 274ms (432 modules)
 ✓ Compiled in 274ms (432 modules)
 ✓ Compiled in 296ms (432 modules)
 ✓ Compiled in 279ms (432 modules)
 ✓ Compiled in 293ms (432 modules)
 ✓ Compiled in 278ms (432 modules)
 ✓ Compiled in 290ms (432 modules)
 ✓ Compiled in 274ms (432 modules)
 ✓ Compiled in 282ms (432 modules)
 ✓ Compiled in 271ms (432 modules)
 ✓ Compiled in 276ms (432 modules)
 ✓ Compiled in 277ms (432 modules)
 ✓ Compiled in 272ms (432 modules)
 ✓ Compiled in 271ms (432 modules)
 ✓ Compiled in 272ms (432 modules)
 ✓ Compiled in 291ms (432 modules)
 ✓ Compiled in 346ms (432 modules)
 ✓ Compiled in 290ms (432 modules)
 ✓ Compiled in 284ms (432 modules)
 ✓ Compiled in 281ms (432 modules)
 ✓ Compiled in 287ms (432 modules)
 ✓ Compiled in 279ms (432 modules)
 ✓ Compiled in 280ms (432 modules)
 ✓ Compiled in 274ms (432 modules)
 ✓ Compiled in 280ms (432 modules)
 ✓ Compiled in 280ms (432 modules)
 ✓ Compiled in 267ms (432 modules)
 ✓ Compiled in 270ms (432 modules)
 ✓ Compiled in 272ms (432 modules)
 ✓ Compiled in 272ms (432 modules)
 ✓ Compiled in 272ms (432 modules)
 ✓ Compiled in 271ms (432 modules)
 ✓ Compiled in 268ms (432 modules)
 ✓ Compiled in 286ms (432 modules)
 ✓ Compiled in 266ms (432 modules)
 ✓ Compiled in 284ms (432 modules)
 ✓ Compiled in 348ms (432 modules)
 ✓ Compiled in 305ms (432 modules)
 ✓ Compiled in 286ms (432 modules)
 ✓ Compiled in 282ms (432 modules)
 ✓ Compiled in 277ms (432 modules)
 ✓ Compiled in 281ms (432 modules)
 ✓ Compiled in 279ms (432 modules)
 ✓ Compiled in 272ms (432 modules)
 ✓ Compiled in 271ms (432 modules)
 ✓ Compiled in 290ms (432 modules)
 ✓ Compiled in 295ms (432 modules)
 ✓ Compiled in 278ms (432 modules)
 ✓ Compiled in 290ms (432 modules)
 ✓ Compiled in 276ms (432 modules)
 ✓ Compiled in 270ms (432 modules)
 ✓ Compiled in 283ms (432 modules)
 ✓ Compiled in 274ms (432 modules)
 ✓ Compiled in 270ms (432 modules)
 ✓ Compiled in 289ms (432 modules)
 ✓ Compiled in 313ms (432 modules)
 ✓ Compiled in 361ms (432 modules)
 ✓ Compiled in 293ms (432 modules)
 ✓ Compiled in 285ms (432 modules)
 ✓ Compiled in 278ms (432 modules)
 ✓ Compiled in 276ms (432 modules)
 ✓ Compiled in 285ms (432 modules)
 ✓ Compiled in 274ms (432 modules)
 ✓ Compiled in 286ms (432 modules)
 ✓ Compiled in 280ms (432 modules)
 ✓ Compiled in 285ms (432 modules)
 ✓ Compiled in 275ms (432 modules)
 ✓ Compiled in 267ms (432 modules)
 ✓ Compiled in 269ms (432 modules)
 ✓ Compiled in 276ms (432 modules)
 ✓ Compiled in 285ms (432 modules)
 ✓ Compiled in 282ms (432 modules)
 ✓ Compiled in 278ms (432 modules)
 ✓ Compiled in 272ms (432 modules)
 ✓ Compiled in 273ms (432 modules)
 ✓ Compiled in 303ms (432 modules)
 ✓ Compiled in 351ms (432 modules)
 ✓ Compiled in 308ms (432 modules)
 ✓ Compiled in 286ms (432 modules)
 ✓ Compiled in 297ms (432 modules)
 ✓ Compiled in 279ms (432 modules)
 ✓ Compiled in 279ms (432 modules)
 ✓ Compiled in 293ms (432 modules)
 ✓ Compiled in 274ms (432 modules)
 ✓ Compiled in 288ms (432 modules)
 ✓ Compiled in 269ms (432 modules)
 ✓ Compiled in 274ms (432 modules)
 ✓ Compiled in 274ms (432 modules)
 ✓ Compiled in 278ms (432 modules)
 ✓ Compiled in 274ms (432 modules)
 ✓ Compiled in 271ms (432 modules)
 ✓ Compiled in 268ms (432 modules)
 ✓ Compiled in 273ms (432 modules)
 ✓ Compiled in 289ms (432 modules)
 ✓ Compiled in 378ms (432 modules)
 ✓ Compiled in 528ms (432 modules)
 ✓ Compiled in 485ms (432 modules)
 ✓ Compiled in 523ms (432 modules)
 ✓ Compiled in 485ms (432 modules)
 ✓ Compiled in 470ms (432 modules)
 ✓ Compiled in 489ms (432 modules)
 ✓ Compiled in 481ms (432 modules)
 ✓ Compiled in 444ms (432 modules)
 ✓ Compiled in 462ms (432 modules)
 ✓ Compiled in 410ms (432 modules)
 ✓ Compiled in 362ms (432 modules)
 ✓ Compiled in 305ms (432 modules)
 ✓ Compiled in 295ms (432 modules)
 ✓ Compiled in 364ms (432 modules)
 ✓ Compiled in 428ms (432 modules)
 ✓ Compiled in 410ms (432 modules)
 ✓ Compiled in 495ms (432 modules)
 ✓ Compiled in 382ms (432 modules)
 ✓ Compiled in 285ms (432 modules)
 ✓ Compiled in 283ms (432 modules)
 ✓ Compiled in 304ms (432 modules)
 ✓ Compiled in 371ms (432 modules)
 ✓ Compiled in 301ms (432 modules)
 ✓ Compiled in 285ms (432 modules)
 ✓ Compiled in 283ms (432 modules)
 ✓ Compiled in 280ms (432 modules)
 ✓ Compiled in 278ms (432 modules)
 ✓ Compiled in 278ms (432 modules)
 ✓ Compiled in 279ms (432 modules)
 ✓ Compiled in 279ms (432 modules)
 ✓ Compiled in 272ms (432 modules)
 ✓ Compiled in 271ms (432 modules)
 ✓ Compiled in 268ms (432 modules)
 ✓ Compiled in 267ms (432 modules)
 ✓ Compiled in 270ms (432 modules)
 ✓ Compiled in 272ms (432 modules)
 ✓ Compiled in 277ms (432 modules)
 ✓ Compiled in 281ms (432 modules)
 ✓ Compiled in 279ms (432 modules)
 ✓ Compiled in 268ms (432 modules)
 ✓ Compiled in 291ms (432 modules)
 ✓ Compiled in 343ms (432 modules)
 ✓ Compiled in 292ms (432 modules)
 ✓ Compiled in 300ms (432 modules)
 ✓ Compiled in 289ms (432 modules)
 ✓ Compiled in 292ms (432 modules)
 ✓ Compiled in 273ms (432 modules)
 ✓ Compiled in 274ms (432 modules)
 ✓ Compiled in 277ms (432 modules)
 ✓ Compiled in 289ms (432 modules)
 ✓ Compiled in 281ms (432 modules)
 ✓ Compiled in 274ms (432 modules)
 ✓ Compiled in 282ms (432 modules)
 ✓ Compiled in 274ms (432 modules)
 ✓ Compiled in 275ms (432 modules)
 ✓ Compiled in 289ms (432 modules)
 ✓ Compiled in 279ms (432 modules)
 ✓ Compiled in 271ms (432 modules)
 ✓ Compiled in 277ms (432 modules)
 ✓ Compiled in 277ms (432 modules)
 ✓ Compiled in 295ms (432 modules)
 ✓ Compiled in 325ms (432 modules)
 ✓ Compiled in 294ms (432 modules)
 ✓ Compiled in 283ms (432 modules)
 ✓ Compiled in 280ms (432 modules)
 ✓ Compiled in 282ms (432 modules)
 ✓ Compiled in 288ms (432 modules)
 ✓ Compiled in 270ms (432 modules)
 ✓ Compiled in 273ms (432 modules)
 ✓ Compiled in 279ms (432 modules)
 ✓ Compiled in 269ms (432 modules)
 ✓ Compiled in 273ms (432 modules)
 ✓ Compiled in 274ms (432 modules)
 ✓ Compiled in 276ms (432 modules)
 ✓ Compiled in 270ms (432 modules)
 ✓ Compiled in 272ms (432 modules)
 ✓ Compiled in 272ms (432 modules)
 ✓ Compiled in 272ms (432 modules)
 ✓ Compiled in 274ms (432 modules)
 ✓ Compiled in 267ms (432 modules)
 ✓ Compiled in 284ms (432 modules)
 ✓ Compiled in 347ms (432 modules)
 ✓ Compiled in 289ms (432 modules)
 ✓ Compiled in 286ms (432 modules)
 ✓ Compiled in 275ms (432 modules)
 ✓ Compiled in 274ms (432 modules)
 ✓ Compiled in 276ms (432 modules)
 ✓ Compiled in 275ms (432 modules)
 ✓ Compiled in 270ms (432 modules)
 ✓ Compiled in 269ms (432 modules)
 ✓ Compiled in 272ms (432 modules)
 ✓ Compiled in 283ms (432 modules)
 ✓ Compiled in 277ms (432 modules)
 ✓ Compiled in 265ms (432 modules)
 ✓ Compiled in 284ms (432 modules)
 ✓ Compiled in 270ms (432 modules)
 ✓ Compiled in 271ms (432 modules)
 ✓ Compiled in 267ms (432 modules)
 ✓ Compiled in 285ms (432 modules)
 ✓ Compiled in 268ms (432 modules)
 ✓ Compiled in 292ms (432 modules)
 ✓ Compiled in 338ms (432 modules)
 ✓ Compiled in 297ms (432 modules)
 ✓ Compiled in 283ms (432 modules)
 ✓ Compiled in 281ms (432 modules)
 ✓ Compiled in 272ms (432 modules)
 ✓ Compiled in 270ms (432 modules)
 ✓ Compiled in 279ms (432 modules)
 ✓ Compiled in 276ms (432 modules)
 ✓ Compiled in 281ms (432 modules)
 ✓ Compiled in 270ms (432 modules)
 ✓ Compiled in 269ms (432 modules)
 ✓ Compiled in 269ms (432 modules)
 ✓ Compiled in 272ms (432 modules)
 ✓ Compiled in 273ms (432 modules)
 ✓ Compiled in 278ms (432 modules)
 ✓ Compiled in 289ms (432 modules)
 ✓ Compiled in 281ms (432 modules)
 ✓ Compiled in 278ms (432 modules)
 ✓ Compiled in 284ms (432 modules)
 ✓ Compiled in 290ms (432 modules)
 ✓ Compiled in 375ms (432 modules)
 ✓ Compiled in 300ms (432 modules)
 ✓ Compiled in 289ms (432 modules)
 ✓ Compiled in 287ms (432 modules)
 ✓ Compiled in 279ms (432 modules)
 ✓ Compiled in 280ms (432 modules)
 ✓ Compiled in 280ms (432 modules)
 ✓ Compiled in 283ms (432 modules)
 ✓ Compiled in 287ms (432 modules)
 ✓ Compiled in 275ms (432 modules)
 ✓ Compiled in 282ms (432 modules)
 ✓ Compiled in 281ms (432 modules)
 ✓ Compiled in 288ms (432 modules)
 ✓ Compiled in 279ms (432 modules)
 ✓ Compiled in 287ms (432 modules)
 ✓ Compiled in 282ms (432 modules)
 ✓ Compiled in 288ms (432 modules)
 ✓ Compiled in 283ms (432 modules)
 ✓ Compiled in 282ms (432 modules)
 ✓ Compiled in 309ms (432 modules)
 ✓ Compiled in 363ms (432 modules)
 ✓ Compiled in 303ms (432 modules)
 ✓ Compiled in 292ms (432 modules)
 ✓ Compiled in 291ms (432 modules)
 ✓ Compiled in 302ms (432 modules)
 ✓ Compiled in 283ms (432 modules)
 ✓ Compiled in 291ms (432 modules)
 ✓ Compiled in 275ms (432 modules)
 ✓ Compiled in 277ms (432 modules)
 ✓ Compiled in 287ms (432 modules)
 ✓ Compiled in 281ms (432 modules)
 ✓ Compiled in 297ms (432 modules)
 ✓ Compiled in 279ms (432 modules)
 ✓ Compiled in 280ms (432 modules)
 ✓ Compiled in 272ms (432 modules)
 ✓ Compiled in 278ms (432 modules)
 ✓ Compiled in 282ms (432 modules)
 ✓ Compiled in 277ms (432 modules)
 ✓ Compiled in 285ms (432 modules)
 ✓ Compiled in 306ms (432 modules)
 ✓ Compiled in 358ms (432 modules)
 ✓ Compiled in 305ms (432 modules)
 ✓ Compiled in 299ms (432 modules)
 ✓ Compiled in 284ms (432 modules)
 ✓ Compiled in 291ms (432 modules)
 ✓ Compiled in 285ms (432 modules)
 ✓ Compiled in 291ms (432 modules)
 ✓ Compiled in 278ms (432 modules)
 ✓ Compiled in 279ms (432 modules)
 ✓ Compiled in 285ms (432 modules)
 ✓ Compiled in 274ms (432 modules)
 ✓ Compiled in 277ms (432 modules)
 ✓ Compiled in 276ms (432 modules)
 ✓ Compiled in 273ms (432 modules)
 ✓ Compiled in 271ms (432 modules)
 ✓ Compiled in 277ms (432 modules)
 ✓ Compiled in 271ms (432 modules)
 ✓ Compiled in 282ms (432 modules)
 ✓ Compiled in 284ms (432 modules)
 ✓ Compiled in 288ms (432 modules)
 ✓ Compiled in 372ms (432 modules)
 ✓ Compiled in 287ms (432 modules)
 ✓ Compiled in 287ms (432 modules)
 ✓ Compiled in 289ms (432 modules)
 ✓ Compiled in 283ms (432 modules)
 ✓ Compiled in 280ms (432 modules)
 ✓ Compiled in 292ms (432 modules)
 ✓ Compiled in 275ms (432 modules)
 ✓ Compiled in 271ms (432 modules)
 ✓ Compiled in 284ms (432 modules)
 ✓ Compiled in 283ms (432 modules)
 ✓ Compiled in 279ms (432 modules)
 ✓ Compiled in 272ms (432 modules)
 ✓ Compiled in 272ms (432 modules)
 ✓ Compiled in 275ms (432 modules)
 ✓ Compiled in 272ms (432 modules)
 ✓ Compiled in 276ms (432 modules)
 ✓ Compiled in 294ms (432 modules)
 ✓ Compiled in 280ms (432 modules)
 ✓ Compiled in 283ms (432 modules)
 ✓ Compiled in 367ms (432 modules)
 ✓ Compiled in 297ms (432 modules)
 ✓ Compiled in 288ms (432 modules)
 ✓ Compiled in 287ms (432 modules)
 ✓ Compiled in 282ms (432 modules)
 ✓ Compiled in 276ms (432 modules)
 ✓ Compiled in 271ms (432 modules)
 ✓ Compiled in 274ms (432 modules)
 ✓ Compiled in 272ms (432 modules)
 ✓ Compiled in 285ms (432 modules)
 ✓ Compiled in 279ms (432 modules)
 ✓ Compiled in 286ms (432 modules)
 ✓ Compiled in 279ms (432 modules)
 ✓ Compiled in 270ms (432 modules)
 ✓ Compiled in 275ms (432 modules)
 ✓ Compiled in 284ms (432 modules)
 ✓ Compiled in 272ms (432 modules)
 ✓ Compiled in 280ms (432 modules)
 ✓ Compiled in 272ms (432 modules)
 ✓ Compiled in 279ms (432 modules)
 ✓ Compiled in 359ms (432 modules)
 ✓ Compiled in 302ms (432 modules)
 ✓ Compiled in 297ms (432 modules)
 ✓ Compiled in 278ms (432 modules)
 ✓ Compiled in 276ms (432 modules)
 ✓ Compiled in 277ms (432 modules)
 ✓ Compiled in 277ms (432 modules)
 ✓ Compiled in 288ms (432 modules)
 ✓ Compiled in 277ms (432 modules)
 ✓ Compiled in 282ms (432 modules)
 ✓ Compiled in 267ms (432 modules)
 ✓ Compiled in 277ms (432 modules)
 ✓ Compiled in 275ms (432 modules)
 ✓ Compiled in 272ms (432 modules)
 ✓ Compiled in 274ms (432 modules)
 ✓ Compiled in 275ms (432 modules)
 ✓ Compiled in 278ms (432 modules)
 ✓ Compiled in 272ms (432 modules)
 ✓ Compiled in 282ms (432 modules)
 ✓ Compiled in 292ms (432 modules)
 ✓ Compiled in 376ms (432 modules)
 ✓ Compiled in 300ms (432 modules)
 ✓ Compiled in 297ms (432 modules)
 ✓ Compiled in 295ms (432 modules)
 ✓ Compiled in 292ms (432 modules)
 ✓ Compiled in 279ms (432 modules)
 ✓ Compiled in 287ms (432 modules)
 ✓ Compiled in 283ms (432 modules)
 ✓ Compiled in 284ms (432 modules)
 ✓ Compiled in 283ms (432 modules)
 ✓ Compiled in 287ms (432 modules)
 ✓ Compiled in 317ms (432 modules)
 ✓ Compiled in 278ms (432 modules)
 ✓ Compiled in 299ms (432 modules)
 ✓ Compiled in 282ms (432 modules)
 ✓ Compiled in 285ms (432 modules)
 ✓ Compiled in 281ms (432 modules)
 ✓ Compiled in 285ms (432 modules)
 ✓ Compiled in 281ms (432 modules)
 ✓ Compiled in 295ms (432 modules)
 ✓ Compiled in 350ms (432 modules)
 ✓ Compiled in 291ms (432 modules)
 ✓ Compiled in 289ms (432 modules)
 ✓ Compiled in 288ms (432 modules)
 ✓ Compiled in 287ms (432 modules)
 ✓ Compiled in 295ms (432 modules)
 ✓ Compiled in 280ms (432 modules)
 ✓ Compiled in 281ms (432 modules)
 ✓ Compiled in 276ms (432 modules)
 ✓ Compiled in 278ms (432 modules)
 ✓ Compiled in 271ms (432 modules)
 ✓ Compiled in 270ms (432 modules)
 ✓ Compiled in 283ms (432 modules)
 ✓ Compiled in 280ms (432 modules)
 ✓ Compiled in 280ms (432 modules)
 ✓ Compiled in 295ms (432 modules)
 ✓ Compiled in 299ms (432 modules)
 ✓ Compiled in 307ms (432 modules)
 ✓ Compiled in 324ms (432 modules)
 ✓ Compiled in 324ms (432 modules)
 ✓ Compiled in 392ms (432 modules)
 ✓ Compiled in 315ms (432 modules)
 ✓ Compiled in 288ms (432 modules)
 ✓ Compiled in 287ms (432 modules)
 ✓ Compiled in 281ms (432 modules)
 ✓ Compiled in 275ms (432 modules)
 ✓ Compiled in 280ms (432 modules)
 ✓ Compiled in 277ms (432 modules)
 ✓ Compiled in 279ms (432 modules)
 ✓ Compiled in 279ms (432 modules)
 ✓ Compiled in 277ms (432 modules)
 ✓ Compiled in 274ms (432 modules)
 ✓ Compiled in 273ms (432 modules)
 ✓ Compiled in 267ms (432 modules)
 ✓ Compiled in 275ms (432 modules)
 ✓ Compiled in 282ms (432 modules)
 ✓ Compiled in 268ms (432 modules)
 ✓ Compiled in 275ms (432 modules)
 ✓ Compiled in 277ms (432 modules)
 ✓ Compiled in 287ms (432 modules)
 ✓ Compiled in 376ms (432 modules)
 ✓ Compiled in 290ms (432 modules)
 ✓ Compiled in 287ms (432 modules)
 ✓ Compiled in 284ms (432 modules)
 ✓ Compiled in 284ms (432 modules)
 ✓ Compiled in 274ms (432 modules)
 ✓ Compiled in 276ms (432 modules)
 ✓ Compiled in 277ms (432 modules)
 ✓ Compiled in 285ms (432 modules)
 ✓ Compiled in 290ms (432 modules)
 ✓ Compiled in 295ms (432 modules)
 ✓ Compiled in 279ms (432 modules)
 ✓ Compiled in 280ms (432 modules)
 ✓ Compiled in 281ms (432 modules)
 ✓ Compiled in 284ms (432 modules)
 ✓ Compiled in 301ms (432 modules)
 ✓ Compiled in 277ms (432 modules)
 ✓ Compiled in 283ms (432 modules)
 ✓ Compiled in 283ms (432 modules)
 ✓ Compiled in 312ms (432 modules)
 ✓ Compiled in 362ms (432 modules)
 ✓ Compiled in 299ms (432 modules)
 ✓ Compiled in 303ms (432 modules)
 ✓ Compiled in 299ms (432 modules)
 ✓ Compiled in 290ms (432 modules)
 ✓ Compiled in 301ms (432 modules)
 ✓ Compiled in 290ms (432 modules)
 ✓ Compiled in 286ms (432 modules)
 ✓ Compiled in 289ms (432 modules)
 ✓ Compiled in 288ms (432 modules)
 ✓ Compiled in 281ms (432 modules)
 ✓ Compiled in 281ms (432 modules)
 ✓ Compiled in 277ms (432 modules)
 ✓ Compiled in 295ms (432 modules)
 ✓ Compiled in 288ms (432 modules)
 ✓ Compiled in 286ms (432 modules)
 ✓ Compiled in 289ms (432 modules)
 ✓ Compiled in 275ms (432 modules)
 ✓ Compiled in 269ms (432 modules)
 ✓ Compiled in 286ms (432 modules)
 ✓ Compiled in 347ms (432 modules)
 ✓ Compiled in 315ms (432 modules)
 ✓ Compiled in 318ms (432 modules)
 ✓ Compiled in 724ms (432 modules)
 ✓ Compiled in 282ms (432 modules)
 ✓ Compiled in 277ms (432 modules)
 ✓ Compiled in 279ms (432 modules)
 ✓ Compiled in 275ms (432 modules)
 ✓ Compiled in 289ms (432 modules)
 ✓ Compiled in 289ms (432 modules)
 ✓ Compiled in 284ms (432 modules)
 ✓ Compiled in 296ms (432 modules)
 ✓ Compiled in 283ms (432 modules)
 ✓ Compiled in 295ms (432 modules)
 ✓ Compiled in 280ms (432 modules)
 ✓ Compiled in 270ms (432 modules)
 ✓ Compiled in 275ms (432 modules)
 ✓ Compiled in 274ms (432 modules)
 ✓ Compiled in 274ms (432 modules)
 ✓ Compiled in 297ms (432 modules)
 ✓ Compiled in 363ms (432 modules)
 ✓ Compiled in 296ms (432 modules)
 ✓ Compiled in 287ms (432 modules)
 ✓ Compiled in 284ms (432 modules)
 ✓ Compiled in 287ms (432 modules)
 ✓ Compiled in 278ms (432 modules)
 ✓ Compiled in 274ms (432 modules)
 ✓ Compiled in 285ms (432 modules)
 ✓ Compiled in 293ms (432 modules)
 ✓ Compiled in 281ms (432 modules)
 ✓ Compiled in 278ms (432 modules)
 ✓ Compiled in 289ms (432 modules)
 ✓ Compiled in 298ms (432 modules)
 ✓ Compiled in 294ms (432 modules)
 ✓ Compiled in 286ms (432 modules)
 ✓ Compiled in 292ms (432 modules)
 ✓ Compiled in 283ms (432 modules)
 ✓ Compiled in 289ms (432 modules)
 ✓ Compiled in 286ms (432 modules)
 ✓ Compiled in 305ms (432 modules)
 ✓ Compiled in 357ms (432 modules)
 ✓ Compiled in 292ms (432 modules)
 ✓ Compiled in 295ms (432 modules)
 ✓ Compiled in 295ms (432 modules)
 ✓ Compiled in 291ms (432 modules)
 ✓ Compiled in 312ms (432 modules)
 ✓ Compiled in 286ms (432 modules)
 ✓ Compiled in 279ms (432 modules)
 ✓ Compiled in 278ms (432 modules)
 ✓ Compiled in 287ms (432 modules)
 ✓ Compiled in 288ms (432 modules)
 ✓ Compiled in 282ms (432 modules)
 ✓ Compiled in 299ms (432 modules)
 ✓ Compiled in 303ms (432 modules)
 ✓ Compiled in 292ms (432 modules)
 ✓ Compiled in 289ms (432 modules)
 ✓ Compiled in 296ms (432 modules)
 ✓ Compiled in 294ms (432 modules)
 ✓ Compiled in 280ms (432 modules)
 ✓ Compiled in 304ms (432 modules)
 ✓ Compiled in 362ms (432 modules)
 ✓ Compiled in 309ms (432 modules)
 ✓ Compiled in 307ms (432 modules)
 ✓ Compiled in 335ms (432 modules)
 ✓ Compiled in 323ms (432 modules)
 ✓ Compiled in 293ms (432 modules)
 ✓ Compiled in 290ms (432 modules)
 ✓ Compiled in 372ms (432 modules)
 ✓ Compiled in 400ms (432 modules)
 ✓ Compiled in 418ms (432 modules)
 ✓ Compiled in 354ms (432 modules)
 ✓ Compiled in 320ms (432 modules)
 ✓ Compiled in 520ms (432 modules)
 ✓ Compiled in 340ms (432 modules)
 ✓ Compiled in 310ms (432 modules)
 ✓ Compiled in 355ms (432 modules)
 ✓ Compiled in 363ms (432 modules)
 ✓ Compiled in 353ms (432 modules)
 ✓ Compiled in 357ms (432 modules)
 ✓ Compiled in 375ms (432 modules)
 ✓ Compiled in 396ms (432 modules)
 ✓ Compiled in 315ms (432 modules)
 ✓ Compiled in 300ms (432 modules)
 ✓ Compiled in 284ms (432 modules)
 ✓ Compiled in 438ms (432 modules)
 ✓ Compiled in 616ms (432 modules)
 ✓ Compiled in 601ms (432 modules)
 ✓ Compiled in 633ms (432 modules)
 ✓ Compiled in 547ms (432 modules)
 ✓ Compiled in 601ms (432 modules)
 ✓ Compiled in 609ms (432 modules)
 ✓ Compiled in 691ms (432 modules)
 ✓ Compiled in 676ms (432 modules)
 ✓ Compiled in 660ms (432 modules)
 ✓ Compiled in 613ms (432 modules)
 ✓ Compiled in 697ms (432 modules)
 ✓ Compiled in 429ms (432 modules)
 ✓ Compiled in 300ms (432 modules)
 ✓ Compiled in 326ms (432 modules)
 ✓ Compiled in 320ms (432 modules)
 ✓ Compiled in 362ms (432 modules)
 ✓ Compiled in 311ms (432 modules)
 ✓ Compiled in 301ms (432 modules)
 ✓ Compiled in 305ms (432 modules)
 ✓ Compiled in 297ms (432 modules)
 ✓ Compiled in 338ms (432 modules)
 ✓ Compiled in 303ms (432 modules)
 ✓ Compiled in 305ms (432 modules)
 ✓ Compiled in 302ms (432 modules)
 ✓ Compiled in 372ms (432 modules)
 ✓ Compiled in 303ms (432 modules)
 ✓ Compiled in 302ms (432 modules)
 ✓ Compiled in 286ms (432 modules)
 ✓ Compiled in 300ms (432 modules)
 ✓ Compiled in 293ms (432 modules)
 ✓ Compiled in 293ms (432 modules)
 ✓ Compiled in 294ms (432 modules)
 ✓ Compiled in 288ms (432 modules)
 ✓ Compiled in 293ms (432 modules)
 ✓ Compiled in 329ms (432 modules)
 ✓ Compiled in 370ms (432 modules)
 ✓ Compiled in 314ms (432 modules)
 ✓ Compiled in 299ms (432 modules)
 ✓ Compiled in 289ms (432 modules)
 ✓ Compiled in 291ms (432 modules)
 ✓ Compiled in 284ms (432 modules)
 ✓ Compiled in 288ms (432 modules)
 ✓ Compiled in 297ms (432 modules)
 ✓ Compiled in 298ms (432 modules)
 ✓ Compiled in 287ms (432 modules)
 ✓ Compiled in 290ms (432 modules)
 ✓ Compiled in 284ms (432 modules)
 ✓ Compiled in 291ms (432 modules)
 ✓ Compiled in 282ms (432 modules)
 ✓ Compiled in 288ms (432 modules)
 ✓ Compiled in 291ms (432 modules)
 ✓ Compiled in 289ms (432 modules)
 ✓ Compiled in 295ms (432 modules)
 ✓ Compiled in 283ms (432 modules)
 ✓ Compiled in 316ms (432 modules)
 ✓ Compiled in 383ms (432 modules)
 ✓ Compiled in 309ms (432 modules)
 ✓ Compiled in 311ms (432 modules)
 ✓ Compiled in 304ms (432 modules)
 ✓ Compiled in 290ms (432 modules)
 ✓ Compiled in 292ms (432 modules)
 ✓ Compiled in 306ms (432 modules)
 ✓ Compiled in 294ms (432 modules)
 ✓ Compiled in 285ms (432 modules)
 ✓ Compiled in 293ms (432 modules)
 ✓ Compiled in 283ms (432 modules)
 ✓ Compiled in 274ms (432 modules)
 ✓ Compiled in 290ms (432 modules)
 ✓ Compiled in 286ms (432 modules)
 ✓ Compiled in 302ms (432 modules)
 ✓ Compiled in 289ms (432 modules)
 ✓ Compiled in 294ms (432 modules)
 ✓ Compiled in 280ms (432 modules)
 ✓ Compiled in 288ms (432 modules)
 ✓ Compiled in 308ms (432 modules)
 ✓ Compiled in 363ms (432 modules)
 ✓ Compiled in 323ms (432 modules)
 ✓ Compiled in 305ms (432 modules)
 ✓ Compiled in 297ms (432 modules)
 ✓ Compiled in 293ms (432 modules)
 ✓ Compiled in 295ms (432 modules)
 ✓ Compiled in 292ms (432 modules)
 ✓ Compiled in 292ms (432 modules)
 ✓ Compiled in 288ms (432 modules)
 ✓ Compiled in 290ms (432 modules)
 ✓ Compiled in 323ms (432 modules)
 ✓ Compiled in 299ms (432 modules)
 ✓ Compiled in 306ms (432 modules)
 ✓ Compiled in 282ms (432 modules)
 ✓ Compiled in 271ms (432 modules)
 ✓ Compiled in 282ms (432 modules)
 ✓ Compiled in 289ms (432 modules)
 ✓ Compiled in 281ms (432 modules)
 ✓ Compiled in 280ms (432 modules)
 ✓ Compiled in 301ms (432 modules)
 ✓ Compiled in 370ms (432 modules)
 ✓ Compiled in 308ms (432 modules)
 ✓ Compiled in 300ms (432 modules)
 ✓ Compiled in 294ms (432 modules)
 ✓ Compiled in 295ms (432 modules)
 ✓ Compiled in 304ms (432 modules)
 ✓ Compiled in 307ms (432 modules)
 ✓ Compiled in 296ms (432 modules)
 ✓ Compiled in 294ms (432 modules)
 ✓ Compiled in 286ms (432 modules)
 ✓ Compiled in 297ms (432 modules)
 ✓ Compiled in 289ms (432 modules)
 ✓ Compiled in 294ms (432 modules)
 ✓ Compiled in 289ms (432 modules)
 ✓ Compiled in 288ms (432 modules)
 ✓ Compiled in 282ms (432 modules)
 ✓ Compiled in 286ms (432 modules)
 ✓ Compiled in 294ms (432 modules)
 ✓ Compiled in 295ms (432 modules)
 ✓ Compiled in 294ms (432 modules)
 ✓ Compiled in 389ms (432 modules)
 ✓ Compiled in 314ms (432 modules)
 ✓ Compiled in 307ms (432 modules)
 ✓ Compiled in 293ms (432 modules)
 ✓ Compiled in 293ms (432 modules)
 ✓ Compiled in 297ms (432 modules)
 ✓ Compiled in 301ms (432 modules)
 ✓ Compiled in 303ms (432 modules)
 ✓ Compiled in 283ms (432 modules)
 ✓ Compiled in 290ms (432 modules)
 ✓ Compiled in 302ms (432 modules)
 ✓ Compiled in 286ms (432 modules)
 ✓ Compiled in 295ms (432 modules)
 ✓ Compiled in 300ms (432 modules)
 ✓ Compiled in 283ms (432 modules)
 ✓ Compiled in 285ms (432 modules)
 ✓ Compiled in 279ms (432 modules)
 ✓ Compiled in 279ms (432 modules)
 ✓ Compiled in 289ms (432 modules)
 ✓ Compiled in 339ms (432 modules)
 ✓ Compiled in 357ms (432 modules)
 ✓ Compiled in 314ms (432 modules)
 ✓ Compiled in 299ms (432 modules)
 ✓ Compiled in 289ms (432 modules)
 ✓ Compiled in 290ms (432 modules)
 ✓ Compiled in 288ms (432 modules)
 ✓ Compiled in 297ms (432 modules)
 ✓ Compiled in 282ms (432 modules)
 ✓ Compiled in 287ms (432 modules)
 ✓ Compiled in 281ms (432 modules)
 ✓ Compiled in 280ms (432 modules)
 ✓ Compiled in 292ms (432 modules)
 ✓ Compiled in 284ms (432 modules)
 ✓ Compiled in 287ms (432 modules)
 ✓ Compiled in 280ms (432 modules)
 ✓ Compiled in 282ms (432 modules)
 ✓ Compiled in 289ms (432 modules)
 ✓ Compiled in 281ms (432 modules)
 ✓ Compiled in 278ms (432 modules)
 ✓ Compiled in 301ms (432 modules)
 ✓ Compiled in 343ms (432 modules)
 ✓ Compiled in 301ms (432 modules)
 ✓ Compiled in 293ms (432 modules)
 ✓ Compiled in 297ms (432 modules)
 ✓ Compiled in 285ms (432 modules)
 ✓ Compiled in 290ms (432 modules)
 ✓ Compiled in 290ms (432 modules)
 ✓ Compiled in 288ms (432 modules)
 ✓ Compiled in 281ms (432 modules)
 ✓ Compiled in 287ms (432 modules)
 ✓ Compiled in 283ms (432 modules)
 ✓ Compiled in 279ms (432 modules)
 ✓ Compiled in 283ms (432 modules)
 ✓ Compiled in 286ms (432 modules)
 ✓ Compiled in 280ms (432 modules)
 ✓ Compiled in 286ms (432 modules)
 ✓ Compiled in 274ms (432 modules)
 ✓ Compiled in 280ms (432 modules)
 ✓ Compiled in 281ms (432 modules)
 ✓ Compiled in 294ms (432 modules)
 ✓ Compiled in 355ms (432 modules)
 ✓ Compiled in 313ms (432 modules)
 ✓ Compiled in 306ms (432 modules)
 ✓ Compiled in 302ms (432 modules)
 ✓ Compiled in 302ms (432 modules)
 ✓ Compiled in 283ms (432 modules)
 ✓ Compiled in 295ms (432 modules)
 ✓ Compiled in 289ms (432 modules)
 ✓ Compiled in 277ms (432 modules)
 ✓ Compiled in 278ms (432 modules)
 ✓ Compiled in 278ms (432 modules)
 ✓ Compiled in 283ms (432 modules)
 ✓ Compiled in 282ms (432 modules)
 ✓ Compiled in 284ms (432 modules)
 ✓ Compiled in 285ms (432 modules)
 ✓ Compiled in 282ms (432 modules)
 ✓ Compiled in 287ms (432 modules)
 ✓ Compiled in 311ms (432 modules)
 ✓ Compiled in 287ms (432 modules)
 ✓ Compiled in 304ms (432 modules)
 ✓ Compiled in 370ms (432 modules)
 ✓ Compiled in 296ms (432 modules)
 ✓ Compiled in 297ms (432 modules)
 ✓ Compiled in 289ms (432 modules)
 ✓ Compiled in 292ms (432 modules)
 ✓ Compiled in 303ms (432 modules)
 ✓ Compiled in 293ms (432 modules)
 ✓ Compiled in 287ms (432 modules)
 ✓ Compiled in 292ms (432 modules)
 ✓ Compiled in 287ms (432 modules)
 ✓ Compiled in 281ms (432 modules)
 ✓ Compiled in 287ms (432 modules)
 ✓ Compiled in 286ms (432 modules)
 ✓ Compiled in 288ms (432 modules)
 ✓ Compiled in 289ms (432 modules)
 ✓ Compiled in 289ms (432 modules)
 ✓ Compiled in 283ms (432 modules)
 ✓ Compiled in 313ms (432 modules)
 ✓ Compiled in 286ms (432 modules)
 ✓ Compiled in 317ms (432 modules)
 ✓ Compiled in 361ms (432 modules)
 ✓ Compiled in 308ms (432 modules)
 ✓ Compiled in 299ms (432 modules)
 ✓ Compiled in 289ms (432 modules)
 ✓ Compiled in 301ms (432 modules)
 ✓ Compiled in 302ms (432 modules)
 ✓ Compiled in 300ms (432 modules)
 ✓ Compiled in 285ms (432 modules)
 ✓ Compiled in 277ms (432 modules)
 ✓ Compiled in 285ms (432 modules)
 ✓ Compiled in 284ms (432 modules)
 ✓ Compiled in 310ms (432 modules)
 ✓ Compiled in 280ms (432 modules)
 ✓ Compiled in 277ms (432 modules)
 ✓ Compiled in 278ms (432 modules)
 ✓ Compiled in 439ms (432 modules)
 ✓ Compiled in 339ms (432 modules)
 ✓ Compiled in 294ms (432 modules)
 ✓ Compiled in 689ms (432 modules)
 ✓ Compiled in 480ms (432 modules)
 ✓ Compiled in 574ms (432 modules)
 ✓ Compiled in 472ms (432 modules)
 ✓ Compiled in 460ms (432 modules)
 ✓ Compiled in 322ms (432 modules)
 ✓ Compiled in 343ms (432 modules)
 ✓ Compiled in 339ms (432 modules)
 ✓ Compiled in 359ms (432 modules)
 ✓ Compiled in 328ms (432 modules)
 ✓ Compiled in 341ms (432 modules)
 ✓ Compiled in 479ms (432 modules)
 ✓ Compiled in 490ms (432 modules)
 ✓ Compiled in 425ms (432 modules)
 ✓ Compiled in 431ms (432 modules)
 ✓ Compiled in 382ms (432 modules)
 ✓ Compiled in 309ms (432 modules)
 ✓ Compiled in 358ms (432 modules)
 ✓ Compiled in 291ms (432 modules)
 ✓ Compiled in 433ms (432 modules)
 ✓ Compiled in 342ms (432 modules)
 ✓ Compiled in 437ms (432 modules)
 ✓ Compiled in 436ms (432 modules)
 ✓ Compiled in 345ms (432 modules)
 ✓ Compiled in 338ms (432 modules)
 ✓ Compiled in 454ms (432 modules)
 ✓ Compiled in 564ms (432 modules)
 ✓ Compiled in 397ms (432 modules)
 ✓ Compiled in 289ms (432 modules)
 ✓ Compiled in 283ms (432 modules)
 ✓ Compiled in 285ms (432 modules)
 ✓ Compiled in 343ms (432 modules)
 ✓ Compiled in 292ms (432 modules)
 ✓ Compiled in 286ms (432 modules)
 ✓ Compiled in 291ms (432 modules)
 ✓ Compiled in 270ms (432 modules)
 ✓ Compiled in 274ms (432 modules)
 ✓ Compiled in 266ms (432 modules)
 ✓ Compiled in 268ms (432 modules)
 ✓ Compiled in 272ms (432 modules)
 ✓ Compiled in 271ms (432 modules)
 ✓ Compiled in 292ms (432 modules)
 ✓ Compiled in 368ms (432 modules)
 ✓ Compiled in 288ms (432 modules)
 ✓ Compiled in 324ms (432 modules)
 ✓ Compiled in 298ms (432 modules)
 ✓ Compiled in 292ms (432 modules)
 ✓ Compiled in 281ms (432 modules)
 ✓ Compiled in 281ms (432 modules)
 ✓ Compiled in 277ms (432 modules)
 ✓ Compiled in 284ms (432 modules)
 ✓ Compiled in 285ms (432 modules)
 ✓ Compiled in 282ms (432 modules)
 ✓ Compiled in 276ms (432 modules)
 ✓ Compiled in 271ms (432 modules)
 ✓ Compiled in 273ms (432 modules)
 ✓ Compiled in 270ms (432 modules)
 ✓ Compiled in 266ms (432 modules)
 ✓ Compiled in 270ms (432 modules)
 ✓ Compiled in 272ms (432 modules)
 ✓ Compiled in 273ms (432 modules)
 ✓ Compiled in 295ms (432 modules)
 ✓ Compiled in 363ms (432 modules)
 ✓ Compiled in 314ms (432 modules)
 ✓ Compiled in 306ms (432 modules)
 ✓ Compiled in 301ms (432 modules)
 ✓ Compiled in 398ms (432 modules)
 ✓ Compiled in 340ms (432 modules)
 ✓ Compiled in 342ms (432 modules)
 ✓ Compiled in 340ms (432 modules)
 ✓ Compiled in 415ms (432 modules)
 ✓ Compiled in 281ms (432 modules)
 ✓ Compiled in 289ms (432 modules)
 ✓ Compiled in 294ms (432 modules)
 ✓ Compiled in 272ms (432 modules)
 ✓ Compiled in 270ms (432 modules)
 ✓ Compiled in 287ms (432 modules)
 ✓ Compiled in 280ms (432 modules)
 ✓ Compiled in 275ms (432 modules)
 ✓ Compiled in 270ms (432 modules)
 ✓ Compiled in 277ms (432 modules)
 ✓ Compiled in 295ms (432 modules)
 ✓ Compiled in 352ms (432 modules)
 ✓ Compiled in 293ms (432 modules)
 ✓ Compiled in 289ms (432 modules)
 ✓ Compiled in 286ms (432 modules)
 ✓ Compiled in 275ms (432 modules)
 ✓ Compiled in 279ms (432 modules)
 ✓ Compiled in 279ms (432 modules)
 ✓ Compiled in 282ms (432 modules)
 ✓ Compiled in 273ms (432 modules)
 ✓ Compiled in 271ms (432 modules)
 ✓ Compiled in 277ms (432 modules)
 ✓ Compiled in 286ms (432 modules)
 ✓ Compiled in 280ms (432 modules)
 ✓ Compiled in 286ms (432 modules)
 ✓ Compiled in 275ms (432 modules)
 ✓ Compiled in 282ms (432 modules)
 ✓ Compiled in 282ms (432 modules)
 ✓ Compiled in 284ms (432 modules)
 ✓ Compiled in 276ms (432 modules)
 ✓ Compiled in 302ms (432 modules)
 ✓ Compiled in 369ms (432 modules)
 ✓ Compiled in 322ms (432 modules)
 ✓ Compiled in 296ms (432 modules)
 ✓ Compiled in 288ms (432 modules)
 ✓ Compiled in 280ms (432 modules)
 ✓ Compiled in 281ms (432 modules)
 ✓ Compiled in 294ms (432 modules)
 ✓ Compiled in 280ms (432 modules)
 ✓ Compiled in 273ms (432 modules)
 ✓ Compiled in 278ms (432 modules)
 ✓ Compiled in 284ms (432 modules)
 ✓ Compiled in 357ms (432 modules)
 ✓ Compiled in 301ms (432 modules)
 ✓ Compiled in 308ms (432 modules)
 ✓ Compiled in 327ms (432 modules)
 ✓ Compiled in 297ms (432 modules)
 ✓ Compiled in 281ms (432 modules)
 ✓ Compiled in 292ms (432 modules)
 ✓ Compiled in 275ms (432 modules)
 ✓ Compiled in 306ms (432 modules)
 ✓ Compiled in 373ms (432 modules)
 ✓ Compiled in 337ms (432 modules)
 ✓ Compiled in 295ms (432 modules)
 ✓ Compiled in 301ms (432 modules)
 ✓ Compiled in 534ms (432 modules)
 ✓ Compiled in 366ms (432 modules)
 ✓ Compiled in 435ms (432 modules)
 ✓ Compiled in 317ms (432 modules)
 ✓ Compiled in 288ms (432 modules)
 ✓ Compiled in 326ms (432 modules)
 ✓ Compiled in 295ms (432 modules)
 ✓ Compiled in 287ms (432 modules)
 ✓ Compiled in 291ms (432 modules)
 ✓ Compiled in 287ms (432 modules)
 ✓ Compiled in 284ms (432 modules)
 ✓ Compiled in 317ms (432 modules)
 ✓ Compiled in 298ms (432 modules)
 ✓ Compiled in 307ms (432 modules)
 ✓ Compiled in 292ms (432 modules)
 ✓ Compiled in 331ms (432 modules)
 ✓ Compiled in 374ms (432 modules)
 ✓ Compiled in 312ms (432 modules)
 ✓ Compiled in 300ms (432 modules)
 ✓ Compiled in 293ms (432 modules)
 ✓ Compiled in 300ms (432 modules)
 ✓ Compiled in 301ms (432 modules)
 ✓ Compiled in 370ms (432 modules)
 ✓ Compiled in 299ms (432 modules)
 ✓ Compiled in 272ms (432 modules)
 ✓ Compiled in 280ms (432 modules)
 ✓ Compiled in 304ms (432 modules)
 ✓ Compiled in 318ms (432 modules)
 ✓ Compiled in 272ms (432 modules)
 ✓ Compiled in 269ms (432 modules)
 ✓ Compiled in 280ms (432 modules)
 ✓ Compiled in 280ms (432 modules)
 ✓ Compiled in 315ms (432 modules)
 ✓ Compiled in 280ms (432 modules)
 ✓ Compiled in 286ms (432 modules)
 ✓ Compiled in 293ms (432 modules)
 ✓ Compiled in 352ms (432 modules)
 ✓ Compiled in 330ms (432 modules)
 ✓ Compiled in 297ms (432 modules)
 ✓ Compiled in 392ms (432 modules)
 ✓ Compiled in 672ms (432 modules)
 ✓ Compiled in 614ms (432 modules)
 ✓ Compiled in 632ms (432 modules)
 ✓ Compiled in 636ms (432 modules)
 ✓ Compiled in 695ms (432 modules)
 ✓ Compiled in 614ms (432 modules)
 ✓ Compiled in 638ms (432 modules)
 ✓ Compiled in 580ms (432 modules)
 ✓ Compiled in 711ms (432 modules)
 ✓ Compiled in 687ms (432 modules)
 ✓ Compiled in 735ms (432 modules)
 ✓ Compiled in 656ms (432 modules)
 ✓ Compiled in 735ms (432 modules)
 ✓ Compiled in 501ms (432 modules)
 ✓ Compiled in 552ms (432 modules)
 ✓ Compiled in 503ms (432 modules)
 ✓ Compiled in 351ms (432 modules)
 ✓ Compiled in 302ms (432 modules)
 ✓ Compiled in 308ms (432 modules)
 ✓ Compiled in 292ms (432 modules)
 ✓ Compiled in 282ms (432 modules)
 ✓ Compiled in 294ms (432 modules)
 ✓ Compiled in 296ms (432 modules)
 ✓ Compiled in 289ms (432 modules)
 ✓ Compiled in 273ms (432 modules)
 ✓ Compiled in 278ms (432 modules)
 ✓ Compiled in 272ms (432 modules)
 ✓ Compiled in 275ms (432 modules)
 ✓ Compiled in 279ms (432 modules)
 ✓ Compiled in 276ms (432 modules)
 ✓ Compiled in 291ms (432 modules)
 ✓ Compiled in 290ms (432 modules)
 ✓ Compiled in 332ms (432 modules)
 ✓ Compiled in 294ms (432 modules)
 ✓ Compiled in 274ms (432 modules)
 ✓ Compiled in 323ms (432 modules)
 ✓ Compiled in 419ms (432 modules)
 ✓ Compiled in 314ms (432 modules)
 ✓ Compiled in 297ms (432 modules)
 ✓ Compiled in 287ms (432 modules)
 ✓ Compiled in 282ms (432 modules)
 ✓ Compiled in 284ms (432 modules)
 ✓ Compiled in 291ms (432 modules)
 ✓ Compiled in 281ms (432 modules)
 ✓ Compiled in 293ms (432 modules)
 ✓ Compiled in 300ms (432 modules)
 ✓ Compiled in 281ms (432 modules)
 ✓ Compiled in 272ms (432 modules)
 ✓ Compiled in 278ms (432 modules)
 ✓ Compiled in 290ms (432 modules)
 ✓ Compiled in 271ms (432 modules)
 ✓ Compiled in 276ms (432 modules)
 ✓ Compiled in 295ms (432 modules)
 ✓ Compiled in 288ms (432 modules)
 ✓ Compiled in 279ms (432 modules)
 ✓ Compiled in 288ms (432 modules)
 ✓ Compiled in 335ms (432 modules)
 ✓ Compiled in 299ms (432 modules)
 ✓ Compiled in 297ms (432 modules)
 ✓ Compiled in 297ms (432 modules)
 ✓ Compiled in 284ms (432 modules)
 ✓ Compiled in 292ms (432 modules)
 ✓ Compiled in 286ms (432 modules)
 ✓ Compiled in 278ms (432 modules)
 ✓ Compiled in 275ms (432 modules)
 ✓ Compiled in 294ms (432 modules)
 ✓ Compiled in 387ms (432 modules)
 ✓ Compiled in 280ms (432 modules)
 ✓ Compiled in 276ms (432 modules)
 ✓ Compiled in 276ms (432 modules)
 ✓ Compiled in 273ms (432 modules)
 ✓ Compiled in 272ms (432 modules)
 ✓ Compiled in 280ms (432 modules)
 ✓ Compiled in 278ms (432 modules)
 ✓ Compiled in 276ms (432 modules)
 ✓ Compiled in 303ms (432 modules)
 ✓ Compiled in 365ms (432 modules)
 ✓ Compiled in 299ms (432 modules)
 ✓ Compiled in 283ms (432 modules)
 ✓ Compiled in 277ms (432 modules)
 ✓ Compiled in 273ms (432 modules)
 ✓ Compiled in 275ms (432 modules)
 ✓ Compiled in 304ms (432 modules)
 ✓ Compiled in 298ms (432 modules)
 ✓ Compiled in 268ms (432 modules)
 ✓ Compiled in 287ms (432 modules)
 ✓ Compiled in 279ms (432 modules)
 ✓ Compiled in 274ms (432 modules)
 ✓ Compiled in 272ms (432 modules)
 ✓ Compiled in 274ms (432 modules)
 ✓ Compiled in 276ms (432 modules)
 ✓ Compiled in 305ms (432 modules)
 ✓ Compiled in 317ms (432 modules)
 ✓ Compiled in 279ms (432 modules)
 ✓ Compiled in 271ms (432 modules)
 ✓ Compiled in 290ms (432 modules)
 ✓ Compiled in 352ms (432 modules)
 ✓ Compiled in 292ms (432 modules)
 ✓ Compiled in 322ms (432 modules)
 ✓ Compiled in 283ms (432 modules)
 ✓ Compiled in 283ms (432 modules)
 ✓ Compiled in 274ms (432 modules)
 ✓ Compiled in 275ms (432 modules)
 ✓ Compiled in 286ms (432 modules)
 ✓ Compiled in 272ms (432 modules)
 ✓ Compiled in 271ms (432 modules)
 ✓ Compiled in 275ms (432 modules)
 ✓ Compiled in 279ms (432 modules)
 ✓ Compiled in 274ms (432 modules)
 ✓ Compiled in 272ms (432 modules)
 ✓ Compiled in 267ms (432 modules)
 ✓ Compiled in 268ms (432 modules)
 ✓ Compiled in 274ms (432 modules)
 ✓ Compiled in 286ms (432 modules)
 ✓ Compiled in 281ms (432 modules)
 ✓ Compiled in 297ms (432 modules)
 ✓ Compiled in 348ms (432 modules)
 ✓ Compiled in 290ms (432 modules)
 ✓ Compiled in 288ms (432 modules)
 ✓ Compiled in 282ms (432 modules)
 ✓ Compiled in 280ms (432 modules)
 ✓ Compiled in 281ms (432 modules)
 ✓ Compiled in 279ms (432 modules)
 ✓ Compiled in 283ms (432 modules)
 ✓ Compiled in 294ms (432 modules)
 ✓ Compiled in 286ms (432 modules)
 ✓ Compiled in 268ms (432 modules)
 ✓ Compiled in 278ms (432 modules)
 ✓ Compiled in 281ms (432 modules)
 ✓ Compiled in 271ms (432 modules)
 ✓ Compiled in 282ms (432 modules)
 ✓ Compiled in 281ms (432 modules)
 ✓ Compiled in 271ms (432 modules)
 ✓ Compiled in 289ms (432 modules)
 ✓ Compiled in 282ms (432 modules)
 ✓ Compiled in 293ms (432 modules)
 ✓ Compiled in 363ms (432 modules)
 ✓ Compiled in 291ms (432 modules)
 ✓ Compiled in 300ms (432 modules)
 ✓ Compiled in 288ms (432 modules)
 ✓ Compiled in 280ms (432 modules)
 ✓ Compiled in 277ms (432 modules)
 ✓ Compiled in 281ms (432 modules)
 ✓ Compiled in 284ms (432 modules)
 ✓ Compiled in 275ms (432 modules)
 ✓ Compiled in 290ms (432 modules)
 ✓ Compiled in 281ms (432 modules)
 ✓ Compiled in 273ms (432 modules)
 ✓ Compiled in 276ms (432 modules)
 ✓ Compiled in 273ms (432 modules)
 ✓ Compiled in 267ms (432 modules)
 ✓ Compiled in 270ms (432 modules)
 ✓ Compiled in 273ms (432 modules)
 ✓ Compiled in 282ms (432 modules)
 ✓ Compiled in 277ms (432 modules)
 ✓ Compiled in 296ms (432 modules)
 ✓ Compiled in 366ms (432 modules)
 ✓ Compiled in 294ms (432 modules)
 ✓ Compiled in 286ms (432 modules)
 ✓ Compiled in 276ms (432 modules)
 ✓ Compiled in 276ms (432 modules)
 ✓ Compiled in 273ms (432 modules)
 ✓ Compiled in 280ms (432 modules)
 ✓ Compiled in 276ms (432 modules)
 ✓ Compiled in 283ms (432 modules)
 ✓ Compiled in 269ms (432 modules)
 ✓ Compiled in 271ms (432 modules)
 ✓ Compiled in 269ms (432 modules)
 ✓ Compiled in 267ms (432 modules)
 ✓ Compiled in 269ms (432 modules)
 ✓ Compiled in 272ms (432 modules)
 ✓ Compiled in 270ms (432 modules)
 ✓ Compiled in 266ms (432 modules)
 ✓ Compiled in 269ms (432 modules)
 ✓ Compiled in 273ms (432 modules)
 ✓ Compiled in 279ms (432 modules)
 ✓ Compiled in 368ms (432 modules)
 ✓ Compiled in 292ms (432 modules)
 ✓ Compiled in 281ms (432 modules)
 ✓ Compiled in 280ms (432 modules)
 ✓ Compiled in 295ms (432 modules)
 ✓ Compiled in 288ms (432 modules)
 ✓ Compiled in 274ms (432 modules)
 ✓ Compiled in 277ms (432 modules)
 ✓ Compiled in 284ms (432 modules)
 ✓ Compiled in 275ms (432 modules)
 ✓ Compiled in 281ms (432 modules)
 ✓ Compiled in 276ms (432 modules)
 ✓ Compiled in 277ms (432 modules)
 ✓ Compiled in 279ms (432 modules)
 ✓ Compiled in 273ms (432 modules)
 ✓ Compiled in 275ms (432 modules)
 ✓ Compiled in 270ms (432 modules)
 ✓ Compiled in 282ms (432 modules)
 ✓ Compiled in 269ms (432 modules)
 ✓ Compiled in 284ms (432 modules)
 ✓ Compiled in 358ms (432 modules)
 ✓ Compiled in 305ms (432 modules)
 ✓ Compiled in 290ms (432 modules)
 ✓ Compiled in 284ms (432 modules)
 ✓ Compiled in 281ms (432 modules)
 ✓ Compiled in 275ms (432 modules)
 ✓ Compiled in 273ms (432 modules)
 ✓ Compiled in 278ms (432 modules)
 ✓ Compiled in 269ms (432 modules)
 ✓ Compiled in 278ms (432 modules)
 ✓ Compiled in 273ms (432 modules)
 ✓ Compiled in 274ms (432 modules)
 ✓ Compiled in 278ms (432 modules)
 ✓ Compiled in 279ms (432 modules)
 ✓ Compiled in 281ms (432 modules)
 ✓ Compiled in 272ms (432 modules)
 ✓ Compiled in 269ms (432 modules)
 ✓ Compiled in 270ms (432 modules)
 ✓ Compiled in 269ms (432 modules)
 ✓ Compiled in 289ms (432 modules)
 ✓ Compiled in 408ms (432 modules)
 ✓ Compiled in 289ms (432 modules)
 ✓ Compiled in 288ms (432 modules)
 ✓ Compiled in 292ms (432 modules)
 ✓ Compiled in 283ms (432 modules)
 ✓ Compiled in 275ms (432 modules)
 ✓ Compiled in 281ms (432 modules)
 ✓ Compiled in 286ms (432 modules)
 ✓ Compiled in 294ms (432 modules)
 ✓ Compiled in 283ms (432 modules)
 ✓ Compiled in 286ms (432 modules)
 ✓ Compiled in 303ms (432 modules)
 ✓ Compiled in 284ms (432 modules)
 ✓ Compiled in 276ms (432 modules)
 ✓ Compiled in 272ms (432 modules)
 ✓ Compiled in 297ms (432 modules)
 ✓ Compiled in 285ms (432 modules)
 ✓ Compiled in 283ms (432 modules)
 ✓ Compiled in 286ms (432 modules)
 ✓ Compiled in 304ms (432 modules)
 ✓ Compiled in 386ms (432 modules)
 ✓ Compiled in 307ms (432 modules)
 ✓ Compiled in 294ms (432 modules)
 ✓ Compiled in 292ms (432 modules)
 ✓ Compiled in 273ms (432 modules)
 ✓ Compiled in 280ms (432 modules)
 ✓ Compiled in 280ms (432 modules)
 ✓ Compiled in 272ms (432 modules)
 ✓ Compiled in 285ms (432 modules)
 ✓ Compiled in 276ms (432 modules)
 ✓ Compiled in 278ms (432 modules)
 ✓ Compiled in 281ms (432 modules)
 ✓ Compiled in 270ms (432 modules)
 ✓ Compiled in 270ms (432 modules)
 ✓ Compiled in 274ms (432 modules)
 ✓ Compiled in 273ms (432 modules)
 ✓ Compiled in 266ms (432 modules)
 ✓ Compiled in 274ms (432 modules)
 ✓ Compiled in 277ms (432 modules)
 ✓ Compiled in 295ms (432 modules)
 ✓ Compiled in 379ms (432 modules)
